# JRE version: Java(TM) SE Runtime Environment (8.0_191-b12) (build 1.8.0_191-b12)
# Java VM: Java HotSpot(TM) 64-Bit Server VM (25.191-b12 mixed mode windows-amd64 compressed oops)
Heap:
 PSYoungGen      total 139776K, used 101528K [0x00000000d5c00000, 0x00000000def00000, 0x0000000100000000)
  eden space 132096K, 76% used [0x00000000d5c00000,0x00000000dbf26070,0x00000000ddd00000)
  from space 7680K, 0% used [0x00000000de580000,0x00000000de580000,0x00000000ded00000)
  to   space 8704K, 16% used [0x00000000ddd00000,0x00000000dde5f0c0,0x00000000de580000)
 ParOldGen       total 69632K, used 24521K [0x0000000081400000, 0x0000000085800000, 0x00000000d5c00000)
  object space 69632K, 35% used [0x0000000081400000,0x0000000082bf2600,0x0000000085800000)
 Metaspace       used 42514K, capacity 44416K, committed 44544K, reserved 1093632K
  class space    used 5939K, capacity 6327K, committed 6400K, reserved 1048576K
GC Heap History (10 events):
Event: 3.745 GC heap before
{Heap before GC invocations=9 (full 1):
 PSYoungGen      total 140800K, used 140433K [0x00000000d5c00000, 0x00000000def00000, 0x0000000100000000)
  eden space 132096K, 100% used [0x00000000d5c00000,0x00000000ddd00000,0x00000000ddd00000)
  from space 8704K, 95% used [0x00000000ddd00000,0x00000000de524408,0x00000000de580000)
  to   space 7680K, 0% used [0x00000000de580000,0x00000000de580000,0x00000000ded00000)
 ParOldGen       total 49152K, used 7657K [0x0000000081400000, 0x0000000084400000, 0x00000000d5c00000)
  object space 49152K, 15% used [0x0000000081400000,0x0000000081b7a6d8,0x0000000084400000)
 Metaspace       used 31810K, capacity 33584K, committed 33664K, reserved 1079296K
  class space    used 4330K, capacity 4669K, committed 4736K, reserved 1048576K
Event: 3.755 GC heap after
Heap after GC invocations=9 (full 1):
 PSYoungGen      total 139776K, used 7657K [0x00000000d5c00000, 0x00000000def00000, 0x0000000100000000)
  eden space 132096K, 0% used [0x00000000d5c00000,0x00000000d5c00000,0x00000000ddd00000)
  from space 7680K, 99% used [0x00000000de580000,0x00000000decfa438,0x00000000ded00000)
  to   space 8704K, 0% used [0x00000000ddd00000,0x00000000ddd00000,0x00000000de580000)
 ParOldGen       total 49152K, used 13225K [0x0000000081400000, 0x0000000084400000, 0x00000000d5c00000)
  object space 49152K, 26% used [0x0000000081400000,0x00000000820ea620,0x0000000084400000)
 Metaspace       used 31810K, capacity 33584K, committed 33664K, reserved 1079296K
  class space    used 4330K, capacity 4669K, committed 4736K, reserved 1048576K
}
Event: 4.135 GC heap before
{Heap before GC invocations=10 (full 1):
 PSYoungGen      total 139776K, used 50704K [0x00000000d5c00000, 0x00000000def00000, 0x0000000100000000)
  eden space 132096K, 32% used [0x00000000d5c00000,0x00000000d8609d48,0x00000000ddd00000)
  from space 7680K, 99% used [0x00000000de580000,0x00000000decfa438,0x00000000ded00000)
  to   space 8704K, 0% used [0x00000000ddd00000,0x00000000ddd00000,0x00000000de580000)
 ParOldGen       total 49152K, used 13225K [0x0000000081400000, 0x0000000084400000, 0x00000000d5c00000)
  object space 49152K, 26% used [0x0000000081400000,0x00000000820ea620,0x0000000084400000)
 Metaspace       used 33487K, capacity 35352K, committed 35456K, reserved 1079296K
  class space    used 4541K, capacity 4901K, committed 4992K, reserved 1048576K
Event: 4.142 GC heap after
Heap after GC invocations=10 (full 1):
 PSYoungGen      total 140800K, used 8689K [0x00000000d5c00000, 0x00000000def00000, 0x0000000100000000)
  eden space 132096K, 0% used [0x00000000d5c00000,0x00000000d5c00000,0x00000000ddd00000)
  from space 8704K, 99% used [0x00000000ddd00000,0x00000000de57c7f8,0x00000000de580000)
  to   space 7680K, 0% used [0x00000000de580000,0x00000000de580000,0x00000000ded00000)
 ParOldGen       total 49152K, used 14339K [0x0000000081400000, 0x0000000084400000, 0x00000000d5c00000)
  object space 49152K, 29% used [0x0000000081400000,0x0000000082200d40,0x0000000084400000)
 Metaspace       used 33487K, capacity 35352K, committed 35456K, reserved 1079296K
  class space    used 4541K, capacity 4901K, committed 4992K, reserved 1048576K
}
Event: 4.142 GC heap before
{Heap before GC invocations=11 (full 2):
 PSYoungGen      total 140800K, used 8689K [0x00000000d5c00000, 0x00000000def00000, 0x0000000100000000)
  eden space 132096K, 0% used [0x00000000d5c00000,0x00000000d5c00000,0x00000000ddd00000)
  from space 8704K, 99% used [0x00000000ddd00000,0x00000000de57c7f8,0x00000000de580000)
  to   space 7680K, 0% used [0x00000000de580000,0x00000000de580000,0x00000000ded00000)
 ParOldGen       total 49152K, used 14339K [0x0000000081400000, 0x0000000084400000, 0x00000000d5c00000)
  object space 49152K, 29% used [0x0000000081400000,0x0000000082200d40,0x0000000084400000)
 Metaspace       used 33487K, capacity 35352K, committed 35456K, reserved 1079296K
  class space    used 4541K, capacity 4901K, committed 4992K, reserved 1048576K
Event: 4.178 GC heap after
Heap after GC invocations=11 (full 2):
 PSYoungGen      total 140800K, used 0K [0x00000000d5c00000, 0x00000000def00000, 0x0000000100000000)
  eden space 132096K, 0% used [0x00000000d5c00000,0x00000000d5c00000,0x00000000ddd00000)
  from space 8704K, 0% used [0x00000000ddd00000,0x00000000ddd00000,0x00000000de580000)
  to   space 7680K, 0% used [0x00000000de580000,0x00000000de580000,0x00000000ded00000)
 ParOldGen       total 69632K, used 15224K [0x0000000081400000, 0x0000000085800000, 0x00000000d5c00000)
  object space 69632K, 21% used [0x0000000081400000,0x00000000822de2c8,0x0000000085800000)
 Metaspace       used 33487K, capacity 35352K, committed 35456K, reserved 1079296K
  class space    used 4541K, capacity 4901K, committed 4992K, reserved 1048576K
}
Event: 6.082 GC heap before
{Heap before GC invocations=12 (full 2):
 PSYoungGen      total 140800K, used 110573K [0x00000000d5c00000, 0x00000000def00000, 0x0000000100000000)
  eden space 132096K, 83% used [0x00000000d5c00000,0x00000000dc7fb740,0x00000000ddd00000)
  from space 8704K, 0% used [0x00000000ddd00000,0x00000000ddd00000,0x00000000de580000)
  to   space 7680K, 0% used [0x00000000de580000,0x00000000de580000,0x00000000ded00000)
 ParOldGen       total 69632K, used 15224K [0x0000000081400000, 0x0000000085800000, 0x00000000d5c00000)
  object space 69632K, 21% used [0x0000000081400000,0x00000000822de2c8,0x0000000085800000)
 Metaspace       used 38614K, capacity 40576K, committed 40704K, reserved 1085440K
  class space    used 5247K, capacity 5623K, committed 5632K, reserved 1048576K
Event: 6.093 GC heap after
Heap after GC invocations=12 (full 2):
 PSYoungGen      total 139776K, used 7667K [0x00000000d5c00000, 0x00000000def00000, 0x0000000100000000)
  eden space 132096K, 0% used [0x00000000d5c00000,0x00000000d5c00000,0x00000000ddd00000)
  from space 7680K, 99% used [0x00000000de580000,0x00000000decfcec8,0x00000000ded00000)
  to   space 8704K, 0% used [0x00000000ddd00000,0x00000000ddd00000,0x00000000de580000)
 ParOldGen       total 69632K, used 19578K [0x0000000081400000, 0x0000000085800000, 0x00000000d5c00000)
  object space 69632K, 28% used [0x0000000081400000,0x000000008271eb18,0x0000000085800000)
 Metaspace       used 38614K, capacity 40576K, committed 40704K, reserved 1085440K
  class space    used 5247K, capacity 5623K, committed 5632K, reserved 1048576K
}
Event: 6.093 GC heap before
{Heap before GC invocations=13 (full 3):
 PSYoungGen      total 139776K, used 7667K [0x00000000d5c00000, 0x00000000def00000, 0x0000000100000000)
  eden space 132096K, 0% used [0x00000000d5c00000,0x00000000d5c00000,0x00000000ddd00000)
  from space 7680K, 99% used [0x00000000de580000,0x00000000decfcec8,0x00000000ded00000)
  to   space 8704K, 0% used [0x00000000ddd00000,0x00000000ddd00000,0x00000000de580000)
 ParOldGen       total 69632K, used 19578K [0x0000000081400000, 0x0000000085800000, 0x00000000d5c00000)
  object space 69632K, 28% used [0x0000000081400000,0x000000008271eb18,0x0000000085800000)
 Metaspace       used 38614K, capacity 40576K, committed 40704K, reserved 1085440K
  class space    used 5247K, capacity 5623K, committed 5632K, reserved 1048576K
Event: 6.203 GC heap after
Heap after GC invocations=13 (full 3):
 PSYoungGen      total 139776K, used 0K [0x00000000d5c00000, 0x00000000def00000, 0x0000000100000000)
  eden space 132096K, 0% used [0x00000000d5c00000,0x00000000d5c00000,0x00000000ddd00000)
  from space 7680K, 0% used [0x00000000de580000,0x00000000de580000,0x00000000ded00000)
  to   space 8704K, 0% used [0x00000000ddd00000,0x00000000ddd00000,0x00000000de580000)
 ParOldGen       total 69632K, used 24513K [0x0000000081400000, 0x0000000085800000, 0x00000000d5c00000)
  object space 69632K, 35% used [0x0000000081400000,0x0000000082bf0600,0x0000000085800000)
 Metaspace       used 38614K, capacity 40576K, committed 40704K, reserved 1085440K
  class space    used 5247K, capacity 5623K, committed 5632K, reserved 1048576K
}

